This is TeX, Version 3.14159265 (MiKTeX 2.9.7440 64-bit) (preloaded format=tex 2021.5.16)  22 JUN 2021 11:44
**./main.tex
(main.tex
! Undefined control sequence.
l.1 \documentclass
                  {ucrthesis-1chair}
? git add .
Type <return> to proceed, S to scroll future error messages,
R to run without stopping, Q to run quietly,
I to insert something, E to edit your file,
1 or ... or 9 to ignore the next 1 to 9 tokens of input,
H for help, X to quit.
? 
! Undefined control sequence.
l.4 \usepackage
               [mathscr]{eucal}
? 
! Undefined control sequence.
l.5 \usepackage
               {amsfonts}
? 
! Undefined control sequence.
l.6 \usepackage
               {amsmath}
? 
! Emergency stop.
l.6 \usepackage
               {amsmath}
End of file on the terminal!

No pages of output.
